# JRE version: Java(TM) SE Runtime Environment (8.0_60-b27) (build 1.8.0_60-b27)
# Java VM: Java HotSpot(TM) 64-Bit Server VM (25.60-b23 mixed mode windows-amd64 compressed oops)
Heap:
 PSYoungGen      total 166400K, used 92920K [0x00000000eab00000, 0x00000000f5e00000, 0x0000000100000000)
  eden space 154112K, 60% used [0x00000000eab00000,0x00000000f05be220,0x00000000f4180000)
  from space 12288K, 0% used [0x00000000f4f00000,0x00000000f4f00000,0x00000000f5b00000)
  to   space 13824K, 0% used [0x00000000f4180000,0x00000000f4180000,0x00000000f4f00000)
 ParOldGen       total 49664K, used 41553K [0x00000000c0000000, 0x00000000c3080000, 0x00000000eab00000)
  object space 49664K, 83% used [0x00000000c0000000,0x00000000c2894428,0x00000000c3080000)
 Metaspace       used 45380K, capacity 47188K, committed 47360K, reserved 1089536K
  class space    used 6218K, capacity 6638K, committed 6656K, reserved 1048576K
GC Heap History (10 events):
Event: 119.977 GC heap before
{Heap before GC invocations=17 (full 1):
 PSYoungGen      total 92160K, used 39937K [0x00000000eab00000, 0x00000000f3280000, 0x0000000100000000)
  eden space 84480K, 39% used [0x00000000eab00000,0x00000000ecbbf108,0x00000000efd80000)
  from space 7680K, 83% used [0x00000000efd80000,0x00000000f03c1508,0x00000000f0500000)
  to   space 8192K, 0% used [0x00000000f2a80000,0x00000000f2a80000,0x00000000f3280000)
 ParOldGen       total 33792K, used 16755K [0x00000000c0000000, 0x00000000c2100000, 0x00000000eab00000)
  object space 33792K, 49% used [0x00000000c0000000,0x00000000c105ce50,0x00000000c2100000)
 Metaspace       used 34754K, capacity 35406K, committed 35496K, reserved 1079296K
  class space    used 4636K, capacity 4838K, committed 4864K, reserved 1048576K
Event: 120.154 GC heap after
Heap after GC invocations=17 (full 1):
 PSYoungGen      total 127488K, used 4307K [0x00000000eab00000, 0x00000000f3100000, 0x0000000100000000)
  eden space 120832K, 0% used [0x00000000eab00000,0x00000000eab00000,0x00000000f2100000)
  from space 6656K, 64% used [0x00000000f2a80000,0x00000000f2eb4d88,0x00000000f3100000)
  to   space 8192K, 0% used [0x00000000f2100000,0x00000000f2100000,0x00000000f2900000)
 ParOldGen       total 33792K, used 19223K [0x00000000c0000000, 0x00000000c2100000, 0x00000000eab00000)
  object space 33792K, 56% used [0x00000000c0000000,0x00000000c12c5ed0,0x00000000c2100000)
 Metaspace       used 34754K, capacity 35406K, committed 35496K, reserved 1079296K
  class space    used 4636K, capacity 4838K, committed 4864K, reserved 1048576K
}
Event: 120.154 GC heap before
{Heap before GC invocations=18 (full 2):
 PSYoungGen      total 127488K, used 4307K [0x00000000eab00000, 0x00000000f3100000, 0x0000000100000000)
  eden space 120832K, 0% used [0x00000000eab00000,0x00000000eab00000,0x00000000f2100000)
  from space 6656K, 64% used [0x00000000f2a80000,0x00000000f2eb4d88,0x00000000f3100000)
  to   space 8192K, 0% used [0x00000000f2100000,0x00000000f2100000,0x00000000f2900000)
 ParOldGen       total 33792K, used 19223K [0x00000000c0000000, 0x00000000c2100000, 0x00000000eab00000)
  object space 33792K, 56% used [0x00000000c0000000,0x00000000c12c5ed0,0x00000000c2100000)
 Metaspace       used 34754K, capacity 35406K, committed 35496K, reserved 1079296K
  class space    used 4636K, capacity 4838K, committed 4864K, reserved 1048576K
Event: 121.183 GC heap after
Heap after GC invocations=18 (full 2):
 PSYoungGen      total 127488K, used 0K [0x00000000eab00000, 0x00000000f3100000, 0x0000000100000000)
  eden space 120832K, 0% used [0x00000000eab00000,0x00000000eab00000,0x00000000f2100000)
  from space 6656K, 0% used [0x00000000f2a80000,0x00000000f2a80000,0x00000000f3100000)
  to   space 8192K, 0% used [0x00000000f2100000,0x00000000f2100000,0x00000000f2900000)
 ParOldGen       total 49664K, used 18721K [0x00000000c0000000, 0x00000000c3080000, 0x00000000eab00000)
  object space 49664K, 37% used [0x00000000c0000000,0x00000000c1248408,0x00000000c3080000)
 Metaspace       used 34734K, capacity 35384K, committed 35496K, reserved 1079296K
  class space    used 4630K, capacity 4832K, committed 4864K, reserved 1048576K
}
Event: 136.253 GC heap before
{Heap before GC invocations=19 (full 2):
 PSYoungGen      total 127488K, used 120832K [0x00000000eab00000, 0x00000000f3100000, 0x0000000100000000)
  eden space 120832K, 100% used [0x00000000eab00000,0x00000000f2100000,0x00000000f2100000)
  from space 6656K, 0% used [0x00000000f2a80000,0x00000000f2a80000,0x00000000f3100000)
  to   space 8192K, 0% used [0x00000000f2100000,0x00000000f2100000,0x00000000f2900000)
 ParOldGen       total 49664K, used 18721K [0x00000000c0000000, 0x00000000c3080000, 0x00000000eab00000)
  object space 49664K, 37% used [0x00000000c0000000,0x00000000c1248408,0x00000000c3080000)
 Metaspace       used 39672K, capacity 40610K, committed 40704K, reserved 1085440K
  class space    used 5381K, capacity 5617K, committed 5632K, reserved 1048576K
Event: 136.631 GC heap after
Heap after GC invocations=19 (full 2):
 PSYoungGen      total 129024K, used 8192K [0x00000000eab00000, 0x00000000f5b00000, 0x0000000100000000)
  eden space 120832K, 0% used [0x00000000eab00000,0x00000000eab00000,0x00000000f2100000)
  from space 8192K, 100% used [0x00000000f2100000,0x00000000f2900000,0x00000000f2900000)
  to   space 12288K, 0% used [0x00000000f4f00000,0x00000000f4f00000,0x00000000f5b00000)
 ParOldGen       total 49664K, used 26749K [0x00000000c0000000, 0x00000000c3080000, 0x00000000eab00000)
  object space 49664K, 53% used [0x00000000c0000000,0x00000000c1a1f6d8,0x00000000c3080000)
 Metaspace       used 39672K, capacity 40610K, committed 40704K, reserved 1085440K
  class space    used 5381K, capacity 5617K, committed 5632K, reserved 1048576K
}
Event: 146.418 GC heap before
{Heap before GC invocations=20 (full 2):
 PSYoungGen      total 129024K, used 99547K [0x00000000eab00000, 0x00000000f5b00000, 0x0000000100000000)
  eden space 120832K, 75% used [0x00000000eab00000,0x00000000f0436d00,0x00000000f2100000)
  from space 8192K, 100% used [0x00000000f2100000,0x00000000f2900000,0x00000000f2900000)
  to   space 12288K, 0% used [0x00000000f4f00000,0x00000000f4f00000,0x00000000f5b00000)
 ParOldGen       total 49664K, used 26749K [0x00000000c0000000, 0x00000000c3080000, 0x00000000eab00000)
  object space 49664K, 53% used [0x00000000c0000000,0x00000000c1a1f6d8,0x00000000c3080000)
 Metaspace       used 43106K, capacity 44694K, committed 44800K, reserved 1087488K
  class space    used 5940K, capacity 6317K, committed 6400K, reserved 1048576K
Event: 147.368 GC heap after
Heap after GC invocations=20 (full 2):
 PSYoungGen      total 166400K, used 9948K [0x00000000eab00000, 0x00000000f5e00000, 0x0000000100000000)
  eden space 154112K, 0% used [0x00000000eab00000,0x00000000eab00000,0x00000000f4180000)
  from space 12288K, 80% used [0x00000000f4f00000,0x00000000f58b73a0,0x00000000f5b00000)
  to   space 13824K, 0% used [0x00000000f4180000,0x00000000f4180000,0x00000000f4f00000)
 ParOldGen       total 49664K, used 34997K [0x00000000c0000000, 0x00000000c3080000, 0x00000000eab00000)
  object space 49664K, 70% used [0x00000000c0000000,0x00000000c222d718,0x00000000c3080000)
 Metaspace       used 43106K, capacity 44694K, committed 44800K, reserved 1087488K
  class space    used 5940K, capacity 6317K, committed 6400K, reserved 1048576K
}
Event: 147.368 GC heap before
{Heap before GC invocations=21 (full 3):
 PSYoungGen      total 166400K, used 9948K [0x00000000eab00000, 0x00000000f5e00000, 0x0000000100000000)
  eden space 154112K, 0% used [0x00000000eab00000,0x00000000eab00000,0x00000000f4180000)
  from space 12288K, 80% used [0x00000000f4f00000,0x00000000f58b73a0,0x00000000f5b00000)
  to   space 13824K, 0% used [0x00000000f4180000,0x00000000f4180000,0x00000000f4f00000)
 ParOldGen       total 49664K, used 34997K [0x00000000c0000000, 0x00000000c3080000, 0x00000000eab00000)
  object space 49664K, 70% used [0x00000000c0000000,0x00000000c222d718,0x00000000c3080000)
 Metaspace       used 43106K, capacity 44694K, committed 44800K, reserved 1087488K
  class space    used 5940K, capacity 6317K, committed 6400K, reserved 1048576K
Event: 149.808 GC heap after
Heap after GC invocations=21 (full 3):
 PSYoungGen      total 166400K, used 0K [0x00000000eab00000, 0x00000000f5e00000, 0x0000000100000000)
  eden space 154112K, 0% used [0x00000000eab00000,0x00000000eab00000,0x00000000f4180000)
  from space 12288K, 0% used [0x00000000f4f00000,0x00000000f4f00000,0x00000000f5b00000)
  to   space 13824K, 0% used [0x00000000f4180000,0x00000000f4180000,0x00000000f4f00000)
 ParOldGen       total 49664K, used 41553K [0x00000000c0000000, 0x00000000c3080000, 0x00000000eab00000)
  object space 49664K, 83% used [0x00000000c0000000,0x00000000c2894428,0x00000000c3080000)
 Metaspace       used 43106K, capacity 44694K, committed 44800K, reserved 1087488K
  class space    used 5940K, capacity 6317K, committed 6400K, reserved 1048576K
}

