# JRE version: Java(TM) SE Runtime Environment (8.0_60-b27) (build 1.8.0_60-b27)
# Java VM: Java HotSpot(TM) 64-Bit Server VM (25.60-b23 mixed mode windows-amd64 compressed oops)
Heap:
 PSYoungGen      total 163840K, used 3447K [0x00000000eab00000, 0x00000000f5a80000, 0x0000000100000000)
  eden space 148992K, 2% used [0x00000000eab00000,0x00000000eae5df98,0x00000000f3c80000)
  from space 14848K, 0% used [0x00000000f4c00000,0x00000000f4c00000,0x00000000f5a80000)
  to   space 15360K, 0% used [0x00000000f3c80000,0x00000000f3c80000,0x00000000f4b80000)
 ParOldGen       total 90624K, used 32516K [0x00000000c0000000, 0x00000000c5880000, 0x00000000eab00000)
  object space 90624K, 35% used [0x00000000c0000000,0x00000000c1fc1090,0x00000000c5880000)
 Metaspace       used 53618K, capacity 55760K, committed 55984K, reserved 1097728K
  class space    used 6937K, capacity 7259K, committed 7344K, reserved 1048576K
GC Heap History (10 events):
Event: 1733.844 GC heap before
{Heap before GC invocations=32 (full 8):
 PSYoungGen      total 165376K, used 512K [0x00000000eab00000, 0x00000000f5c80000, 0x0000000100000000)
  eden space 148992K, 0% used [0x00000000eab00000,0x00000000eab00000,0x00000000f3c80000)
  from space 16384K, 3% used [0x00000000f4c80000,0x00000000f4d00020,0x00000000f5c80000)
  to   space 16384K, 0% used [0x00000000f3c80000,0x00000000f3c80000,0x00000000f4c80000)
 ParOldGen       total 90624K, used 36081K [0x00000000c0000000, 0x00000000c5880000, 0x00000000eab00000)
  object space 90624K, 39% used [0x00000000c0000000,0x00000000c233c600,0x00000000c5880000)
 Metaspace       used 53046K, capacity 54900K, committed 55216K, reserved 1097728K
  class space    used 6920K, capacity 7234K, committed 7344K, reserved 1048576K
Event: 1735.079 GC heap after
Heap after GC invocations=32 (full 8):
 PSYoungGen      total 165376K, used 0K [0x00000000eab00000, 0x00000000f5c80000, 0x0000000100000000)
  eden space 148992K, 0% used [0x00000000eab00000,0x00000000eab00000,0x00000000f3c80000)
  from space 16384K, 0% used [0x00000000f4c80000,0x00000000f4c80000,0x00000000f5c80000)
  to   space 16384K, 0% used [0x00000000f3c80000,0x00000000f3c80000,0x00000000f4c80000)
 ParOldGen       total 90624K, used 31280K [0x00000000c0000000, 0x00000000c5880000, 0x00000000eab00000)
  object space 90624K, 34% used [0x00000000c0000000,0x00000000c1e8c0d8,0x00000000c5880000)
 Metaspace       used 52894K, capacity 54664K, committed 55216K, reserved 1097728K
  class space    used 6893K, capacity 7189K, committed 7344K, reserved 1048576K
}
Event: 2248.565 GC heap before
{Heap before GC invocations=33 (full 8):
 PSYoungGen      total 165376K, used 141999K [0x00000000eab00000, 0x00000000f5c80000, 0x0000000100000000)
  eden space 148992K, 95% used [0x00000000eab00000,0x00000000f35abf50,0x00000000f3c80000)
  from space 16384K, 0% used [0x00000000f4c80000,0x00000000f4c80000,0x00000000f5c80000)
  to   space 16384K, 0% used [0x00000000f3c80000,0x00000000f3c80000,0x00000000f4c80000)
 ParOldGen       total 90624K, used 31280K [0x00000000c0000000, 0x00000000c5880000, 0x00000000eab00000)
  object space 90624K, 34% used [0x00000000c0000000,0x00000000c1e8c0d8,0x00000000c5880000)
 Metaspace       used 53338K, capacity 55486K, committed 55728K, reserved 1097728K
  class space    used 6935K, capacity 7256K, committed 7344K, reserved 1048576K
Event: 2248.596 GC heap after
Heap after GC invocations=33 (full 8):
 PSYoungGen      total 151040K, used 1583K [0x00000000eab00000, 0x00000000f5b80000, 0x0000000100000000)
  eden space 148992K, 0% used [0x00000000eab00000,0x00000000eab00000,0x00000000f3c80000)
  from space 2048K, 77% used [0x00000000f3c80000,0x00000000f3e0bc60,0x00000000f3e80000)
  to   space 15872K, 0% used [0x00000000f4c00000,0x00000000f4c00000,0x00000000f5b80000)
 ParOldGen       total 90624K, used 31288K [0x00000000c0000000, 0x00000000c5880000, 0x00000000eab00000)
  object space 90624K, 34% used [0x00000000c0000000,0x00000000c1e8e0d8,0x00000000c5880000)
 Metaspace       used 53338K, capacity 55486K, committed 55728K, reserved 1097728K
  class space    used 6935K, capacity 7256K, committed 7344K, reserved 1048576K
}
Event: 2248.596 GC heap before
{Heap before GC invocations=34 (full 9):
 PSYoungGen      total 151040K, used 1583K [0x00000000eab00000, 0x00000000f5b80000, 0x0000000100000000)
  eden space 148992K, 0% used [0x00000000eab00000,0x00000000eab00000,0x00000000f3c80000)
  from space 2048K, 77% used [0x00000000f3c80000,0x00000000f3e0bc60,0x00000000f3e80000)
  to   space 15872K, 0% used [0x00000000f4c00000,0x00000000f4c00000,0x00000000f5b80000)
 ParOldGen       total 90624K, used 31288K [0x00000000c0000000, 0x00000000c5880000, 0x00000000eab00000)
  object space 90624K, 34% used [0x00000000c0000000,0x00000000c1e8e0d8,0x00000000c5880000)
 Metaspace       used 53338K, capacity 55486K, committed 55728K, reserved 1097728K
  class space    used 6935K, capacity 7256K, committed 7344K, reserved 1048576K
Event: 2249.614 GC heap after
Heap after GC invocations=34 (full 9):
 PSYoungGen      total 151040K, used 0K [0x00000000eab00000, 0x00000000f5b80000, 0x0000000100000000)
  eden space 148992K, 0% used [0x00000000eab00000,0x00000000eab00000,0x00000000f3c80000)
  from space 2048K, 0% used [0x00000000f3c80000,0x00000000f3c80000,0x00000000f3e80000)
  to   space 15872K, 0% used [0x00000000f4c00000,0x00000000f4c00000,0x00000000f5b80000)
 ParOldGen       total 90624K, used 32384K [0x00000000c0000000, 0x00000000c5880000, 0x00000000eab00000)
  object space 90624K, 35% used [0x00000000c0000000,0x00000000c1fa0358,0x00000000c5880000)
 Metaspace       used 53319K, capacity 55464K, committed 55728K, reserved 1097728K
  class space    used 6929K, capacity 7250K, committed 7344K, reserved 1048576K
}
Event: 2638.677 GC heap before
{Heap before GC invocations=35 (full 9):
 PSYoungGen      total 151040K, used 138556K [0x00000000eab00000, 0x00000000f5b80000, 0x0000000100000000)
  eden space 148992K, 92% used [0x00000000eab00000,0x00000000f324f298,0x00000000f3c80000)
  from space 2048K, 0% used [0x00000000f3c80000,0x00000000f3c80000,0x00000000f3e80000)
  to   space 15872K, 0% used [0x00000000f4c00000,0x00000000f4c00000,0x00000000f5b80000)
 ParOldGen       total 90624K, used 32384K [0x00000000c0000000, 0x00000000c5880000, 0x00000000eab00000)
  object space 90624K, 35% used [0x00000000c0000000,0x00000000c1fa0358,0x00000000c5880000)
 Metaspace       used 53629K, capacity 55776K, committed 55984K, reserved 1097728K
  class space    used 6942K, capacity 7264K, committed 7344K, reserved 1048576K
Event: 2638.705 GC heap after
Heap after GC invocations=35 (full 9):
 PSYoungGen      total 163840K, used 1519K [0x00000000eab00000, 0x00000000f5a80000, 0x0000000100000000)
  eden space 148992K, 0% used [0x00000000eab00000,0x00000000eab00000,0x00000000f3c80000)
  from space 14848K, 10% used [0x00000000f4c00000,0x00000000f4d7bc60,0x00000000f5a80000)
  to   space 15360K, 0% used [0x00000000f3c80000,0x00000000f3c80000,0x00000000f4b80000)
 ParOldGen       total 90624K, used 32392K [0x00000000c0000000, 0x00000000c5880000, 0x00000000eab00000)
  object space 90624K, 35% used [0x00000000c0000000,0x00000000c1fa2358,0x00000000c5880000)
 Metaspace       used 53629K, capacity 55776K, committed 55984K, reserved 1097728K
  class space    used 6942K, capacity 7264K, committed 7344K, reserved 1048576K
}
Event: 2638.705 GC heap before
{Heap before GC invocations=36 (full 10):
 PSYoungGen      total 163840K, used 1519K [0x00000000eab00000, 0x00000000f5a80000, 0x0000000100000000)
  eden space 148992K, 0% used [0x00000000eab00000,0x00000000eab00000,0x00000000f3c80000)
  from space 14848K, 10% used [0x00000000f4c00000,0x00000000f4d7bc60,0x00000000f5a80000)
  to   space 15360K, 0% used [0x00000000f3c80000,0x00000000f3c80000,0x00000000f4b80000)
 ParOldGen       total 90624K, used 32392K [0x00000000c0000000, 0x00000000c5880000, 0x00000000eab00000)
  object space 90624K, 35% used [0x00000000c0000000,0x00000000c1fa2358,0x00000000c5880000)
 Metaspace       used 53629K, capacity 55776K, committed 55984K, reserved 1097728K
  class space    used 6942K, capacity 7264K, committed 7344K, reserved 1048576K
Event: 2639.384 GC heap after
Heap after GC invocations=36 (full 10):
 PSYoungGen      total 163840K, used 0K [0x00000000eab00000, 0x00000000f5a80000, 0x0000000100000000)
  eden space 148992K, 0% used [0x00000000eab00000,0x00000000eab00000,0x00000000f3c80000)
  from space 14848K, 0% used [0x00000000f4c00000,0x00000000f4c00000,0x00000000f5a80000)
  to   space 15360K, 0% used [0x00000000f3c80000,0x00000000f3c80000,0x00000000f4b80000)
 ParOldGen       total 90624K, used 32516K [0x00000000c0000000, 0x00000000c5880000, 0x00000000eab00000)
  object space 90624K, 35% used [0x00000000c0000000,0x00000000c1fc1090,0x00000000c5880000)
 Metaspace       used 53610K, capacity 55754K, committed 55984K, reserved 1097728K
  class space    used 6936K, capacity 7258K, committed 7344K, reserved 1048576K
}

